Arguments: 
  /usr/local/Cellar/node/14.12.0/bin/node /usr/local/Cellar/yarn/1.22.5/libexec/bin/yarn.js add –dev jest

PATH: 
  /usr/local/opt/maven@3.5/bin:/Users/paul.j.kelly/.sdkman/candidates/java/current/bin:/usr/local/bin:/usr/bin:/bin:/usr/sbin:/sbin:/usr/local/munki:/Library/Apple/usr/bin

Yarn version: 
  1.22.5

Node version: 
  14.12.0

Platform: 
  darwin x64

Trace: 
  TypeError [ERR_UNESCAPED_CHARACTERS]: Request path contains unescaped characters
      at new ClientRequest (_http_client.js:151:13)
      at Object.request (https.js:313:10)
      at Request.module.exports.Request.start (/usr/local/Cellar/yarn/1.22.5/libexec/lib/cli.js:141311:32)
      at Request.module.exports.Request.end (/usr/local/Cellar/yarn/1.22.5/libexec/lib/cli.js:142070:10)
      at end (/usr/local/Cellar/yarn/1.22.5/libexec/lib/cli.js:141124:14)
      at Immediate._onImmediate (/usr/local/Cellar/yarn/1.22.5/libexec/lib/cli.js:141138:7)
      at processImmediate (internal/timers.js:461:21)

npm manifest: 
  {
    "scripts": {
      "test": "jest"
    },
    "devDependencies": {
      "jest": "^26.4.2"
    }
  }

yarn manifest: 
  No manifest

Lockfile: 
  No lockfile
